<?xml version="1.0" encoding="UTF-8"?>
<!-- Generated by org.testng.reporters.JUnitXMLReporter -->
<testsuite ignored="0" hostname="DESKTOP-LELE3SC" failures="0" tests="4" name="Test" time="199.258" errors="0" timestamp="2025-12-24T18:46:26 IST">
  <testcase classname="testCases.TC002_LoginDDT" name="Verify_LoginDDT" time="4.06"/>
  <testcase classname="testCases.TC002_LoginDDT" name="Verify_LoginDDT" time="16.365"/>
  <testcase classname="testCases.TC002_LoginDDT" name="Verify_LoginDDT" time="12.378"/>
  <testcase classname="testCases.TC002_LoginDDT" name="Verify_LoginDDT" time="3.502"/>
</testsuite> <!-- Test -->
