<?xml version="1.0" encoding="UTF-8"?>
<testng-results ignored="0" total="1" passed="1" failed="0" skipped="0">
  <reporter-output>
  </reporter-output>
  <suite started-at="2025-12-27T13:04:56 IST" name="MasterSuite" finished-at="2025-12-27T13:05:55 IST" duration-ms="58464">
    <groups>
      <group name="Sanity">
        <method signature="TC001_Login.Login()[pri:0, instance:testCases.TC001_Login@172b013]" name="Login" class="testCases.TC001_Login"/>
      </group> <!-- Sanity -->
    </groups>
    <test started-at="2025-12-27T13:04:56 IST" name="Test" finished-at="2025-12-27T13:05:55 IST" duration-ms="58464">
      <class name="testCases.TC001_Login">
        <test-method is-config="true" signature="setup(java.lang.String,java.lang.String)[pri:0, instance:testCases.TC001_Login@172b013]" started-at="2025-12-27T13:04:57 IST" name="setup" finished-at="2025-12-27T13:05:19 IST" duration-ms="22140" status="PASS">
          <params>
            <param index="0">
              <value>
                <![CDATA[windows]]>
              </value>
            </param>
            <param index="1">
              <value>
                <![CDATA[chrome]]>
              </value>
            </param>
          </params>
          <reporter-output>
          </reporter-output>
        </test-method> <!-- setup -->
        <test-method signature="Login()[pri:0, instance:testCases.TC001_Login@172b013]" started-at="2025-12-27T13:05:19 IST" name="Login" finished-at="2025-12-27T13:05:23 IST" duration-ms="3913" status="PASS">
          <reporter-output>
          </reporter-output>
        </test-method> <!-- Login -->
        <test-method is-config="true" signature="tearDown()[pri:0, instance:testCases.TC001_Login@172b013]" started-at="2025-12-27T13:05:24 IST" name="tearDown" finished-at="2025-12-27T13:05:55 IST" duration-ms="31314" status="PASS">
          <reporter-output>
          </reporter-output>
        </test-method> <!-- tearDown -->
      </class> <!-- testCases.TC001_Login -->
    </test> <!-- Test -->
  </suite> <!-- MasterSuite -->
</testng-results>
