<?xml version="1.0" encoding="UTF-8"?>
<testng-results ignored="0" total="2" passed="2" failed="0" skipped="0">
  <reporter-output>
  </reporter-output>
  <suite started-at="2025-12-29T14:23:02 IST" name="MasterSuite" finished-at="2025-12-29T14:23:28 IST" duration-ms="26185">
    <groups>
    </groups>
    <test started-at="2025-12-29T14:23:02 IST" name="Test" finished-at="2025-12-29T14:23:28 IST" duration-ms="26185">
      <class name="testCases.TC004_ProductRemove">
        <test-method is-config="true" signature="setup(java.lang.String,java.lang.String)[pri:0, instance:testCases.TC004_ProductRemove@561868a0]" started-at="2025-12-29T14:23:19 IST" name="setup" finished-at="2025-12-29T14:23:23 IST" duration-ms="4119" status="PASS">
          <params>
            <param index="0">
              <value>
                <![CDATA[windows]]>
              </value>
            </param>
            <param index="1">
              <value>
                <![CDATA[chrome]]>
              </value>
            </param>
          </params>
          <reporter-output>
          </reporter-output>
        </test-method> <!-- setup -->
        <test-method signature="RemoveProduct()[pri:0, instance:testCases.TC004_ProductRemove@561868a0]" started-at="2025-12-29T14:23:23 IST" name="RemoveProduct" finished-at="2025-12-29T14:23:25 IST" duration-ms="2547" status="PASS">
          <reporter-output>
          </reporter-output>
        </test-method> <!-- RemoveProduct -->
        <test-method is-config="true" signature="tearDown()[pri:0, instance:testCases.TC004_ProductRemove@561868a0]" started-at="2025-12-29T14:23:25 IST" name="tearDown" finished-at="2025-12-29T14:23:28 IST" duration-ms="2923" status="PASS">
          <reporter-output>
          </reporter-output>
        </test-method> <!-- tearDown -->
      </class> <!-- testCases.TC004_ProductRemove -->
      <class name="testCases.TC003_ProductAddtocart">
        <test-method is-config="true" signature="setup(java.lang.String,java.lang.String)[pri:0, instance:testCases.TC003_ProductAddtocart@16ce702d]" started-at="2025-12-29T14:23:03 IST" name="setup" finished-at="2025-12-29T14:23:14 IST" duration-ms="11130" status="PASS">
          <params>
            <param index="0">
              <value>
                <![CDATA[windows]]>
              </value>
            </param>
            <param index="1">
              <value>
                <![CDATA[chrome]]>
              </value>
            </param>
          </params>
          <reporter-output>
          </reporter-output>
        </test-method> <!-- setup -->
        <test-method signature="AddToCart()[pri:0, instance:testCases.TC003_ProductAddtocart@16ce702d]" started-at="2025-12-29T14:23:14 IST" name="AddToCart" finished-at="2025-12-29T14:23:18 IST" duration-ms="3991" status="PASS">
          <reporter-output>
          </reporter-output>
        </test-method> <!-- AddToCart -->
        <test-method is-config="true" signature="tearDown()[pri:0, instance:testCases.TC003_ProductAddtocart@16ce702d]" started-at="2025-12-29T14:23:18 IST" name="tearDown" finished-at="2025-12-29T14:23:19 IST" duration-ms="804" status="PASS">
          <reporter-output>
          </reporter-output>
        </test-method> <!-- tearDown -->
      </class> <!-- testCases.TC003_ProductAddtocart -->
    </test> <!-- Test -->
  </suite> <!-- MasterSuite -->
</testng-results>
