<?xml version="1.0" encoding="UTF-8"?>
<testng-results ignored="0" total="8" passed="8" failed="0" skipped="0">
  <reporter-output>
  </reporter-output>
  <suite started-at="2025-12-29T14:51:09 IST" name="Suite" finished-at="2025-12-29T14:52:27 IST" duration-ms="77987">
    <groups>
      <group name="Functional">
        <method signature="TC002_LoginDDT.Verify_LoginDDT(java.lang.String,java.lang.String,java.lang.String)[pri:0, instance:testCases.TC002_LoginDDT@5dcb4f5f]" name="Verify_LoginDDT" class="testCases.TC002_LoginDDT"/>
      </group> <!-- Functional -->
    </groups>
    <test started-at="2025-12-29T14:51:09 IST" name="Test" finished-at="2025-12-29T14:52:27 IST" duration-ms="77987">
      <class name="testCases.TC002_LoginDDT">
        <test-method is-config="true" signature="setup(java.lang.String,java.lang.String)[pri:0, instance:testCases.TC002_LoginDDT@5dcb4f5f]" started-at="2025-12-29T14:51:10 IST" name="setup" finished-at="2025-12-29T14:51:18 IST" duration-ms="7622" status="PASS">
          <params>
            <param index="0">
              <value>
                <![CDATA[windows]]>
              </value>
            </param>
            <param index="1">
              <value>
                <![CDATA[chrome]]>
              </value>
            </param>
          </params>
          <reporter-output>
          </reporter-output>
        </test-method> <!-- setup -->
        <test-method signature="Verify_LoginDDT(java.lang.String,java.lang.String,java.lang.String)[pri:0, instance:testCases.TC002_LoginDDT@5dcb4f5f]" started-at="2025-12-29T14:51:22 IST" name="Verify_LoginDDT" data-provider="Logindata" finished-at="2025-12-29T14:51:23 IST" duration-ms="1399" status="PASS">
          <params>
            <param index="0">
              <value>
                <![CDATA[standard_user]]>
              </value>
            </param>
            <param index="1">
              <value>
                <![CDATA[secret_sauce]]>
              </value>
            </param>
            <param index="2">
              <value>
                <![CDATA[valid]]>
              </value>
            </param>
          </params>
          <reporter-output>
          </reporter-output>
        </test-method> <!-- Verify_LoginDDT -->
        <test-method signature="Verify_LoginDDT(java.lang.String,java.lang.String,java.lang.String)[pri:0, instance:testCases.TC002_LoginDDT@5dcb4f5f]" started-at="2025-12-29T14:51:23 IST" name="Verify_LoginDDT" data-provider="Logindata" finished-at="2025-12-29T14:51:34 IST" duration-ms="10813" status="PASS">
          <params>
            <param index="0">
              <value>
                <![CDATA[abc]]>
              </value>
            </param>
            <param index="1">
              <value>
                <![CDATA[a1234]]>
              </value>
            </param>
            <param index="2">
              <value>
                <![CDATA[Invalid]]>
              </value>
            </param>
          </params>
          <reporter-output>
          </reporter-output>
        </test-method> <!-- Verify_LoginDDT -->
        <test-method signature="Verify_LoginDDT(java.lang.String,java.lang.String,java.lang.String)[pri:0, instance:testCases.TC002_LoginDDT@5dcb4f5f]" started-at="2025-12-29T14:51:34 IST" name="Verify_LoginDDT" data-provider="Logindata" finished-at="2025-12-29T14:51:44 IST" duration-ms="10602" status="PASS">
          <params>
            <param index="0">
              <value>
                <![CDATA[standard_user]]>
              </value>
            </param>
            <param index="1">
              <value>
                <![CDATA[abcd]]>
              </value>
            </param>
            <param index="2">
              <value>
                <![CDATA[Invalid]]>
              </value>
            </param>
          </params>
          <reporter-output>
          </reporter-output>
        </test-method> <!-- Verify_LoginDDT -->
        <test-method signature="Verify_LoginDDT(java.lang.String,java.lang.String,java.lang.String)[pri:0, instance:testCases.TC002_LoginDDT@5dcb4f5f]" started-at="2025-12-29T14:51:44 IST" name="Verify_LoginDDT" data-provider="Logindata" finished-at="2025-12-29T14:51:45 IST" duration-ms="615" status="PASS">
          <params>
            <param index="0">
              <value>
                <![CDATA[problem_user]]>
              </value>
            </param>
            <param index="1">
              <value>
                <![CDATA[secret_sauce]]>
              </value>
            </param>
            <param index="2">
              <value>
                <![CDATA[valid]]>
              </value>
            </param>
          </params>
          <reporter-output>
          </reporter-output>
        </test-method> <!-- Verify_LoginDDT -->
        <test-method signature="Verify_LoginDDT(java.lang.String,java.lang.String,java.lang.String)[pri:0, instance:testCases.TC002_LoginDDT@5dcb4f5f]" started-at="2025-12-29T14:51:45 IST" name="Verify_LoginDDT" data-provider="Logindata" finished-at="2025-12-29T14:51:55 IST" duration-ms="10418" status="PASS">
          <params>
            <param index="0">
              <value>
                <![CDATA[]]>
              </value>
            </param>
            <param index="1">
              <value>
                <![CDATA[]]>
              </value>
            </param>
            <param index="2">
              <value>
                <![CDATA[Invalid]]>
              </value>
            </param>
          </params>
          <reporter-output>
          </reporter-output>
        </test-method> <!-- Verify_LoginDDT -->
        <test-method signature="Verify_LoginDDT(java.lang.String,java.lang.String,java.lang.String)[pri:0, instance:testCases.TC002_LoginDDT@5dcb4f5f]" started-at="2025-12-29T14:51:55 IST" name="Verify_LoginDDT" data-provider="Logindata" finished-at="2025-12-29T14:52:06 IST" duration-ms="10464" status="PASS">
          <params>
            <param index="0">
              <value>
                <![CDATA[standard_user]]>
              </value>
            </param>
            <param index="1">
              <value>
                <![CDATA[]]>
              </value>
            </param>
            <param index="2">
              <value>
                <![CDATA[Invalid]]>
              </value>
            </param>
          </params>
          <reporter-output>
          </reporter-output>
        </test-method> <!-- Verify_LoginDDT -->
        <test-method signature="Verify_LoginDDT(java.lang.String,java.lang.String,java.lang.String)[pri:0, instance:testCases.TC002_LoginDDT@5dcb4f5f]" started-at="2025-12-29T14:52:06 IST" name="Verify_LoginDDT" data-provider="Logindata" finished-at="2025-12-29T14:52:16 IST" duration-ms="10449" status="PASS">
          <params>
            <param index="0">
              <value>
                <![CDATA[]]>
              </value>
            </param>
            <param index="1">
              <value>
                <![CDATA[secret_sauce]]>
              </value>
            </param>
            <param index="2">
              <value>
                <![CDATA[Invalid]]>
              </value>
            </param>
          </params>
          <reporter-output>
          </reporter-output>
        </test-method> <!-- Verify_LoginDDT -->
        <test-method signature="Verify_LoginDDT(java.lang.String,java.lang.String,java.lang.String)[pri:0, instance:testCases.TC002_LoginDDT@5dcb4f5f]" started-at="2025-12-29T14:52:16 IST" name="Verify_LoginDDT" data-provider="Logindata" finished-at="2025-12-29T14:52:27 IST" duration-ms="10445" status="PASS">
          <params>
            <param index="0">
              <value>
                <![CDATA[1234]]>
              </value>
            </param>
            <param index="1">
              <value>
                <![CDATA[1234]]>
              </value>
            </param>
            <param index="2">
              <value>
                <![CDATA[Invalid]]>
              </value>
            </param>
          </params>
          <reporter-output>
          </reporter-output>
        </test-method> <!-- Verify_LoginDDT -->
        <test-method is-config="true" signature="tearDown()[pri:0, instance:testCases.TC002_LoginDDT@5dcb4f5f]" started-at="2025-12-29T14:52:27 IST" name="tearDown" finished-at="2025-12-29T14:52:27 IST" duration-ms="521" status="PASS">
          <reporter-output>
          </reporter-output>
        </test-method> <!-- tearDown -->
      </class> <!-- testCases.TC002_LoginDDT -->
    </test> <!-- Test -->
  </suite> <!-- Suite -->
</testng-results>
