<?xml version="1.0" encoding="UTF-8"?>
<!-- Generated by org.testng.reporters.JUnitReportReporter -->
<testsuite hostname="DESKTOP-LELE3SC" failures="0" tests="8" name="testCases.TC002_LoginDDT" time="65.205" errors="0" timestamp="2025-12-29T14:52:30 IST" skipped="0">
  <testcase classname="testCases.TC002_LoginDDT" name="Verify_LoginDDT" time="0.615"/>
  <testcase classname="testCases.TC002_LoginDDT" name="Verify_LoginDDT" time="10.418"/>
  <testcase classname="testCases.TC002_LoginDDT" name="Verify_LoginDDT" time="10.464"/>
  <testcase classname="testCases.TC002_LoginDDT" name="Verify_LoginDDT" time="10.445"/>
  <testcase classname="testCases.TC002_LoginDDT" name="Verify_LoginDDT" time="10.602"/>
  <testcase classname="testCases.TC002_LoginDDT" name="Verify_LoginDDT" time="10.449"/>
  <testcase classname="testCases.TC002_LoginDDT" name="Verify_LoginDDT" time="1.399"/>
  <testcase classname="testCases.TC002_LoginDDT" name="Verify_LoginDDT" time="10.813"/>
</testsuite> <!-- testCases.TC002_LoginDDT -->
