<?xml version="1.0" encoding="UTF-8"?>
<!-- Generated by org.testng.reporters.JUnitReportReporter -->
<testsuite hostname="DESKTOP-LELE3SC" failures="0" tests="4" name="testCases.TC002_LoginDDT" time="192.227" errors="0" timestamp="2025-12-24T18:46:27 IST" skipped="0">
  <testcase classname="testCases.TC002_LoginDDT" name="Verify_LoginDDT" time="61.760"/>
  <testcase classname="testCases.TC002_LoginDDT" name="Verify_LoginDDT" time="74.422"/>
  <testcase classname="testCases.TC002_LoginDDT" name="Verify_LoginDDT" time="37.543"/>
  <testcase classname="testCases.TC002_LoginDDT" name="Verify_LoginDDT" time="18.502"/>
</testsuite> <!-- testCases.TC002_LoginDDT -->
